TN:
SF:/home/vardy/dev/singletask/src/error.rs
FN:12,<impl Display for Error>::fmt
FN:91,<impl From for Error>::from
FN:99,new
FNF:3
FNDA:0,<impl Display for Error>::fmt
FNDA:0,<impl From for Error>::from
FNDA:0,new
DA:12,0
DA:13,0
DA:14,0
DA:18,0
DA:19,0
DA:21,0
DA:22,0
DA:27,0
DA:28,0
DA:30,0
DA:31,0
DA:36,0
DA:37,0
DA:39,0
DA:40,0
DA:45,0
DA:46,0
DA:48,0
DA:49,0
DA:54,0
DA:55,0
DA:57,0
DA:58,0
DA:63,0
DA:64,0
DA:66,0
DA:67,0
DA:72,0
DA:73,0
DA:75,0
DA:76,0
DA:81,0
DA:82,0
DA:84,0
DA:85,0
DA:90,0
DA:91,0
DA:93,0
DA:94,0
DA:99,0
DA:101,0
DA:102,0
LF:42
LH:0
end_of_record
TN:
SF:/home/vardy/dev/singletask/src/index.rs
FN:13,routes
FN:49,index
FN:136,get_content_color_class
FN:145,get_tasks
FN:202,determine_freshness
FN:220,filter_completed_task
FN:228,more_tasks
FNF:7
FNDA:1,routes
FNDA:1,index
FNDA:0,get_content_color_class
FNDA:0,get_tasks
FNDA:0,determine_freshness
FNDA:0,filter_completed_task
FNDA:0,more_tasks
DA:13,1
DA:14,1
DA:15,1
DA:16,4
DA:17,2
DA:18,1
DA:49,1
DA:53,2
DA:54,1
DA:55,1
DA:56,1
DA:58,1
DA:59,0
DA:60,0
DA:61,0
DA:62,0
DA:63,0
DA:65,0
DA:66,0
DA:69,0
DA:70,0
DA:71,0
DA:72,0
DA:73,0
DA:74,0
DA:76,0
DA:80,0
DA:81,0
DA:82,0
DA:83,0
DA:85,0
DA:87,1
DA:88,0
DA:89,0
DA:90,0
DA:91,0
DA:92,0
DA:93,0
DA:95,0
DA:96,0
DA:97,0
DA:99,0
DA:102,0
DA:108,0
DA:109,0
DA:110,0
DA:111,0
DA:112,0
DA:113,0
DA:115,0
DA:119,0
DA:120,0
DA:121,0
DA:122,0
DA:124,0
DA:128,1
DA:129,1
DA:132,2
DA:136,0
DA:137,0
DA:138,0
DA:139,0
DA:140,0
DA:141,0
DA:145,0
DA:152,0
DA:154,0
DA:155,0
DA:157,0
DA:158,0
DA:159,0
DA:160,0
DA:162,0
DA:165,0
DA:166,0
DA:168,0
DA:170,0
DA:171,0
DA:172,0
DA:173,0
DA:174,0
DA:176,0
DA:179,0
DA:180,0
DA:182,0
DA:185,0
DA:187,0
DA:188,0
DA:189,0
DA:191,0
DA:194,0
DA:195,0
DA:197,0
DA:202,0
DA:207,0
DA:208,0
DA:209,0
DA:211,0
DA:213,0
DA:216,0
DA:220,0
DA:221,0
DA:223,0
DA:228,0
DA:229,0
DA:230,0
LF:106
LH:16
end_of_record
TN:
SF:/home/vardy/dev/singletask/src/main.rs
FN:31,routes
FN:38,main
FN:47,get_nav
FNF:3
FNDA:1,routes
FNDA:0,main
FNDA:1,get_nav
DA:31,1
DA:32,2
DA:34,2
DA:38,0
DA:39,0
DA:40,0
DA:41,0
DA:42,0
DA:44,0
DA:47,1
DA:48,2
DA:49,1
DA:50,1
LF:13
LH:7
end_of_record
TN:
SF:/home/vardy/dev/singletask/src/tasks.rs
FN:23,spawn_complete_task
FN:30,complete_task
FN:43,post_todoist_sync
FN:61,all_tasks
FN:67,tasks_for_filter
FN:76,sort_by_datetime
FN:128,<impl Display for Priority>::fmt
FN:141,Task::datetime
FN:159,Task::datetimeinfo
FN:193,rest_json_to_tasks
FN:200,get_todoist_rest
FN:228,handle_response
FNF:12
FNDA:0,spawn_complete_task
FNDA:0,complete_task
FNDA:0,post_todoist_sync
FNDA:0,all_tasks
FNDA:0,tasks_for_filter
FNDA:0,sort_by_datetime
FNDA:0,<impl Display for Priority>::fmt
FNDA:0,Task::datetime
FNDA:0,Task::datetimeinfo
FNDA:0,rest_json_to_tasks
FNDA:0,get_todoist_rest
FNDA:0,handle_response
DA:23,0
DA:24,0
DA:25,0
DA:26,0
DA:30,0
DA:31,0
DA:33,0
DA:34,0
DA:36,0
DA:39,0
DA:43,0
DA:48,0
DA:50,0
DA:51,0
DA:52,0
DA:53,0
DA:54,0
DA:56,0
DA:58,0
DA:61,0
DA:62,0
DA:64,0
DA:67,0
DA:70,0
DA:71,0
DA:72,0
DA:73,0
DA:76,0
DA:77,0
DA:78,0
DA:128,0
DA:129,0
DA:130,0
DA:131,0
DA:132,0
DA:133,0
DA:135,0
DA:141,0
DA:142,0
DA:143,0
DA:144,0
DA:145,0
DA:147,0
DA:149,0
DA:151,0
DA:154,0
DA:155,0
DA:159,0
DA:160,0
DA:161,0
DA:162,0
DA:163,0
DA:168,0
DA:169,0
DA:170,0
DA:176,0
DA:178,0
DA:180,0
DA:186,0
DA:188,0
DA:193,0
DA:194,0
DA:195,0
DA:200,0
DA:201,0
DA:202,0
DA:203,0
DA:204,0
DA:208,0
DA:210,0
DA:228,0
DA:234,0
DA:235,0
DA:237,0
DA:238,0
DA:240,0
LF:76
LH:0
end_of_record
TN:
SF:/home/vardy/dev/singletask/src/time.rs
FN:7,now
FN:39,age_in_minutes
FN:62,datetime_from_str
FN:73,parse_datetime_from_19
FN:80,parse_datetime_from_20
FN:87,timezone_from_str
FN:95,parse_gmt_to_timezone
FN:116,date_from_str
FNF:8
FNDA:0,now
FNDA:0,age_in_minutes
FNDA:0,datetime_from_str
FNDA:0,parse_datetime_from_19
FNDA:0,parse_datetime_from_20
FNDA:1,timezone_from_str
FNDA:1,parse_gmt_to_timezone
FNDA:0,date_from_str
DA:7,0
DA:8,0
DA:9,0
DA:39,0
DA:40,0
DA:41,0
DA:62,0
DA:63,0
DA:64,0
DA:65,0
DA:66,0
DA:73,0
DA:74,0
DA:77,0
DA:80,0
DA:81,0
DA:82,0
DA:84,0
DA:87,1
DA:88,1
DA:89,1
DA:90,1
DA:95,1
DA:96,1
DA:97,2
DA:99,0
DA:100,1
DA:101,2
DA:102,2
DA:104,0
DA:106,3
DA:107,2
DA:109,0
DA:110,2
DA:112,2
DA:116,0
DA:117,0
DA:118,0
DA:119,0
DA:123,0
DA:128,0
DA:135,0
LF:42
LH:14
end_of_record
