TN:
SF:/Users/vardy/dev/singletask/src/error.rs
FN:14,<impl IntoResponse for Error>::into_response
FN:127,<impl From for Error>::from
FN:136,new
FNF:3
FNDA:0,<impl IntoResponse for Error>::into_response
FNDA:0,<impl From for Error>::from
FNDA:0,new
DA:14,0
DA:15,0
DA:16,0
DA:17,0
DA:18,0
DA:19,0
DA:20,0
DA:25,0
DA:26,0
DA:28,0
DA:29,0
DA:33,0
DA:34,0
DA:38,0
DA:39,0
DA:47,0
DA:49,0
DA:50,0
DA:57,0
DA:59,0
DA:60,0
DA:67,0
DA:69,0
DA:70,0
DA:77,0
DA:79,0
DA:80,0
DA:87,0
DA:89,0
DA:90,0
DA:97,0
DA:99,0
DA:100,0
DA:107,0
DA:109,0
DA:110,0
DA:117,0
DA:119,0
DA:120,0
DA:127,0
DA:129,0
DA:130,0
DA:136,0
DA:138,0
DA:139,0
LF:45
LH:0
end_of_record
TN:
SF:/Users/vardy/dev/singletask/src/main.rs
FN:56,routes
FN:65,main
FN:84,get_nav
FNF:3
FNDA:2,routes
FNDA:0,main
FNDA:2,get_nav
DA:56,2
DA:57,2
DA:59,2
DA:60,2
DA:61,2
DA:65,0
DA:66,0
DA:67,0
DA:68,0
DA:69,0
DA:70,0
DA:71,0
DA:72,0
DA:75,0
DA:76,0
DA:77,0
DA:78,0
DA:81,0
DA:84,2
DA:85,2
DA:86,2
DA:87,2
DA:88,2
DA:90,2
DA:91,2
DA:92,2
LF:26
LH:13
end_of_record
TN:
SF:/Users/vardy/dev/singletask/src/request.rs
FN:15,get_todoist_rest
FN:30,post_todoist_sync
FN:48,get_random_unsplash
FN:62,handle_response
FNF:4
FNDA:2,get_todoist_rest
FNDA:1,post_todoist_sync
FNDA:0,get_random_unsplash
FNDA:2,handle_response
DA:15,2
DA:16,1
DA:17,1
DA:18,2
DA:19,1
DA:20,1
DA:21,1
DA:23,1
DA:30,1
DA:35,1
DA:37,2
DA:38,1
DA:39,1
DA:40,1
DA:41,1
DA:43,1
DA:48,0
DA:49,0
DA:50,0
DA:51,0
DA:52,0
DA:53,0
DA:54,0
DA:55,0
DA:57,0
DA:62,2
DA:68,2
DA:69,2
DA:71,0
LF:29
LH:19
end_of_record
TN:
SF:/Users/vardy/dev/singletask/src/tasks.rs
FN:18,spawn_complete_task
FN:25,complete_task
FN:36,all_tasks
FN:52,tasks_for_filter
FN:107,<impl Display for Priority>::fmt
FN:118,rest_json_to_tasks
FNF:6
FNDA:0,spawn_complete_task
FNDA:0,complete_task
FNDA:2,all_tasks
FNDA:2,tasks_for_filter
FNDA:0,<impl Display for Priority>::fmt
FNDA:1,rest_json_to_tasks
DA:18,0
DA:19,0
DA:20,0
DA:21,0
DA:25,0
DA:26,0
DA:28,0
DA:29,0
DA:31,0
DA:34,0
DA:36,2
DA:37,1
DA:39,1
DA:40,3
DA:44,1
DA:45,2
DA:46,1
DA:49,1
DA:52,2
DA:53,1
DA:54,1
DA:55,2
DA:107,0
DA:108,0
DA:109,0
DA:110,0
DA:111,0
DA:112,0
DA:114,0
DA:118,1
DA:119,2
LF:31
LH:14
end_of_record
TN:
SF:/Users/vardy/dev/singletask/src/time.rs
FN:7,now
FN:39,age_in_minutes
FN:61,timezone_from_str
FN:69,parse_gmt_to_timezone
FNF:4
FNDA:2,now
FNDA:0,age_in_minutes
FNDA:3,timezone_from_str
FNDA:1,parse_gmt_to_timezone
DA:7,2
DA:8,2
DA:39,0
DA:40,0
DA:61,3
DA:62,3
DA:63,2
DA:64,1
DA:69,1
DA:70,1
DA:71,2
DA:73,2
DA:76,1
DA:81,1
DA:83,0
LF:15
LH:12
end_of_record
TN:
SF:/Users/vardy/dev/singletask/src/unsplash.rs
FN:37,cached_get_random
FN:68,get_random
FN:80,json_to_unsplash
FN:85,stub
FNF:4
FNDA:1,cached_get_random
FNDA:2,get_random
FNDA:0,json_to_unsplash
FNDA:2,stub
DA:37,1
DA:43,1
DA:44,1
DA:46,1
DA:47,0
DA:48,0
DA:50,0
DA:52,2
DA:55,1
DA:57,1
DA:58,1
DA:61,0
DA:62,1
DA:64,1
DA:68,2
DA:69,1
DA:71,0
DA:72,0
DA:75,0
DA:76,1
DA:80,0
DA:81,0
DA:85,2
DA:87,2
DA:92,2
DA:96,2
LF:26
LH:17
end_of_record
TN:
SF:/Users/vardy/dev/singletask/src/user.rs
FN:27,cached_get_timezone
FN:54,get_user_data
FN:61,sync_json_to_user
FNF:3
FNDA:1,cached_get_timezone
FNDA:2,get_user_data
FNDA:1,sync_json_to_user
DA:27,1
DA:33,1
DA:37,1
DA:38,1
DA:39,1
DA:42,1
DA:44,1
DA:47,1
DA:48,1
DA:50,1
DA:54,2
DA:55,1
DA:56,1
DA:57,2
DA:61,1
DA:62,2
LF:16
LH:16
end_of_record
TN:
SF:/Users/vardy/dev/singletask/src/views/index.rs
FN:11,routes
FN:23,home
FNF:2
FNDA:2,routes
FNDA:1,home
DA:11,2
DA:12,2
DA:23,1
DA:28,1
DA:29,1
DA:30,1
DA:33,1
LF:7
LH:7
end_of_record
TN:
SF:/Users/vardy/dev/singletask/src/views/process.rs
FN:18,routes
FN:46,process
FN:124,fetch_parameter
FN:135,get_content_color_class
FN:144,get_or_create_user_state
FN:162,get_tasks
FN:214,merge_skip_task_ids
FN:224,has_cached_tasks
FN:241,filter_completed_task
FN:253,more_tasks
FNF:10
FNDA:2,routes
FNDA:1,process
FNDA:2,fetch_parameter
FNDA:0,get_content_color_class
FNDA:4,get_or_create_user_state
FNDA:1,get_tasks
FNDA:0,merge_skip_task_ids
FNDA:1,has_cached_tasks
FNDA:1,filter_completed_task
FNDA:0,more_tasks
DA:18,2
DA:19,2
DA:20,2
DA:21,2
DA:46,1
DA:50,1
DA:51,1
DA:52,2
DA:53,1
DA:56,1
DA:57,1
DA:58,1
DA:63,2
DA:64,2
DA:74,0
DA:78,1
DA:79,1
DA:80,1
DA:83,1
DA:86,0
DA:98,0
DA:100,0
DA:110,0
DA:114,0
DA:115,0
DA:116,0
DA:119,0
DA:124,2
DA:125,2
DA:126,2
DA:127,2
DA:128,0
DA:129,0
DA:130,0
DA:135,0
DA:136,0
DA:137,0
DA:138,0
DA:139,0
DA:140,0
DA:144,4
DA:145,2
DA:146,6
DA:148,1
DA:151,1
DA:152,1
DA:153,1
DA:154,1
DA:155,1
DA:156,1
DA:157,1
DA:162,1
DA:170,1
DA:172,2
DA:173,0
DA:176,1
DA:180,0
DA:181,0
DA:182,0
DA:183,0
DA:184,0
DA:185,0
DA:187,0
DA:191,0
DA:192,0
DA:194,0
DA:196,1
DA:197,1
DA:199,1
DA:200,2
DA:207,0
DA:208,1
DA:210,1
DA:214,0
DA:215,0
DA:220,0
DA:224,1
DA:230,1
DA:231,0
DA:234,0
DA:235,0
DA:238,1
DA:241,1
DA:246,1
DA:248,2
DA:253,0
DA:254,0
DA:255,0
LF:88
LH:49
end_of_record
TN:
SF:/Users/vardy/dev/singletask/src/views/shortcuts.rs
FN:11,routes
FN:25,shortcuts
FNF:2
FNDA:2,routes
FNDA:0,shortcuts
DA:11,2
DA:12,2
DA:13,2
DA:14,2
DA:25,0
DA:30,0
DA:31,0
DA:32,0
DA:35,0
LF:9
LH:4
end_of_record
